>>> STARTING PERMUTATION ANALYSIS <<<

--- Processing voxel | AD vs PSP ---
  > Running RandomForest (Params: {'max_depth': 10, 'max_features': 'sqrt', 'min_samples_split': 2, 'n_estimators': 100})...
    Saved to permutation_stats1000.csv. p-value: 0.09590
  > Running GradientBoosting (Params: {'learning_rate': 0.1, 'max_depth': 7, 'n_estimators': 200, 'subsample': 1.0})...
    Saved to permutation_stats1000.csv. p-value: 0.14685
  > Running KNN (Params: {'metric': 'manhattan', 'n_neighbors': 9, 'weights': 'uniform'})...
    Saved to permutation_stats1000.csv. p-value: 0.14985

--- Processing voxel | AD vs CBS ---
  > Running RandomForest (Params: {'max_depth': None, 'max_features': 'sqrt', 'min_samples_split': 2, 'n_estimators': 100})...
    Saved to permutation_stats1000.csv. p-value: 0.06394
  > Running GradientBoosting (Params: {'learning_rate': 0.01, 'max_depth': 3, 'n_estimators': 200, 'subsample': 0.8})...
    Saved to permutation_stats1000.csv. p-value: 0.05994
  > Running KNN (Params: {'metric': 'euclidean', 'n_neighbors': 9, 'weights': 'uniform'})...
    Saved to permutation_stats1000.csv. p-value: 0.06893

--- Processing voxel | PSP vs CBS ---
  > Running RandomForest (Params: {'max_depth': None, 'max_features': 'sqrt', 'min_samples_split': 10, 'n_estimators': 200})...
    Saved to permutation_stats1000.csv. p-value: 0.61139
  > Running GradientBoosting (Params: {'learning_rate': 0.1, 'max_depth': 5, 'n_estimators': 300, 'subsample': 1.0})...
    Saved to permutation_stats1000.csv. p-value: 0.62438
  > Running KNN (Params: {'metric': 'euclidean', 'n_neighbors': 3, 'weights': 'distance'})...
    Saved to permutation_stats1000.csv. p-value: 0.68432
