nohup: ignoring input
--- ONE SHOT TRAINING BENCHMARK ---
Group 1: AD
Group 2: PSP
Model: resnet
Epochs: 40
Using device: cuda
Total Subjects: 132
Train size: 105
Test size: 27

Starting Training...
Epoch 1/40 | Time: 34.25s | Train Loss: 0.9769 | Val Acc: 0.5556
Epoch 2/40 | Time: 34.09s | Train Loss: 0.7522 | Val Acc: 0.5556
Epoch 3/40 | Time: 33.97s | Train Loss: 0.6982 | Val Acc: 0.5556
Epoch 4/40 | Time: 33.99s | Train Loss: 0.6597 | Val Acc: 0.5185
Epoch 5/40 | Time: 34.01s | Train Loss: 0.6319 | Val Acc: 0.5926
Epoch 6/40 | Time: 33.99s | Train Loss: 0.6150 | Val Acc: 0.6296
Epoch 7/40 | Time: 33.99s | Train Loss: 0.5528 | Val Acc: 0.6296
Epoch 8/40 | Time: 34.04s | Train Loss: 0.6000 | Val Acc: 0.5926
Epoch 9/40 | Time: 34.10s | Train Loss: 0.5396 | Val Acc: 0.6296
Epoch 10/40 | Time: 34.05s | Train Loss: 0.4327 | Val Acc: 0.5926
Epoch 11/40 | Time: 34.02s | Train Loss: 0.3685 | Val Acc: 0.6296
Epoch 12/40 | Time: 33.96s | Train Loss: 0.3341 | Val Acc: 0.6296
Epoch 13/40 | Time: 33.99s | Train Loss: 0.3036 | Val Acc: 0.5926
Epoch 14/40 | Time: 34.03s | Train Loss: 0.2498 | Val Acc: 0.5556
Epoch 15/40 | Time: 34.05s | Train Loss: 0.1885 | Val Acc: 0.5926
Epoch 16/40 | Time: 34.02s | Train Loss: 0.2808 | Val Acc: 0.6296
Epoch 17/40 | Time: 34.02s | Train Loss: 0.1614 | Val Acc: 0.5926
Epoch 18/40 | Time: 34.01s | Train Loss: 0.1232 | Val Acc: 0.5926
Epoch 19/40 | Time: 34.03s | Train Loss: 0.1139 | Val Acc: 0.5926
Epoch 20/40 | Time: 34.05s | Train Loss: 0.1073 | Val Acc: 0.5556
Epoch 21/40 | Time: 34.01s | Train Loss: 0.0373 | Val Acc: 0.6296
Epoch 22/40 | Time: 34.00s | Train Loss: 0.0307 | Val Acc: 0.5556
Epoch 23/40 | Time: 34.01s | Train Loss: 0.0148 | Val Acc: 0.6296
Epoch 24/40 | Time: 33.99s | Train Loss: 0.0168 | Val Acc: 0.5926
Epoch 25/40 | Time: 34.03s | Train Loss: 0.0192 | Val Acc: 0.5556
Epoch 26/40 | Time: 34.01s | Train Loss: 0.0150 | Val Acc: 0.5926
Epoch 27/40 | Time: 34.06s | Train Loss: 0.0115 | Val Acc: 0.6296
Epoch 28/40 | Time: 34.04s | Train Loss: 0.0144 | Val Acc: 0.5926
Epoch 29/40 | Time: 34.02s | Train Loss: 0.0099 | Val Acc: 0.5926
Epoch 30/40 | Time: 34.01s | Train Loss: 0.0171 | Val Acc: 0.5926
Epoch 31/40 | Time: 34.05s | Train Loss: 0.0097 | Val Acc: 0.5926
Epoch 32/40 | Time: 34.01s | Train Loss: 0.0104 | Val Acc: 0.5926
Epoch 33/40 | Time: 33.99s | Train Loss: 0.0090 | Val Acc: 0.5556
Epoch 34/40 | Time: 34.02s | Train Loss: 0.0072 | Val Acc: 0.5926
Epoch 35/40 | Time: 34.00s | Train Loss: 0.0095 | Val Acc: 0.5556
Epoch 36/40 | Time: 34.04s | Train Loss: 0.0077 | Val Acc: 0.5556
Epoch 37/40 | Time: 34.04s | Train Loss: 0.0083 | Val Acc: 0.5926
Epoch 38/40 | Time: 33.99s | Train Loss: 0.0163 | Val Acc: 0.5926
Epoch 39/40 | Time: 34.03s | Train Loss: 0.0058 | Val Acc: 0.5926
Epoch 40/40 | Time: 34.06s | Train Loss: 0.0065 | Val Acc: 0.5926

--- TRAINING FINISHED ---
Total Time: 1361.08s (22.68 min)
Average Time per Epoch: 34.03s

Final Evaluation on Test Set:
Final Test Accuracy: 0.5926
