
[VERIFICATION REPORT] AD vs CBS
============================================================
Total Subjects: 116
   - AD: 72
   - CBS: 44

[OUTER FOLD 1/5]
   [PASS] Split Integrity (No overlap between Train/Test)
   - Outer Train Size: 92
   - Outer Test Size : 24
   [DATA CHECK] Inner Fold 1:
     [PASS] Train Set: Uses AUGMENTED folder
        Path: /data/users/etosato/ANM_Verona/data/FCmaps_augmented_processed...
        Subjects: 73 -> Dataset Length: 730 (Ratio: 10.0x)
     [PASS] Val Set  : Uses ORIGINAL folder
        Path: /data/users/etosato/ANM_Verona/data/FCmaps_processed...
        Subjects: 19 -> Dataset Length: 19 (Ratio: 1.0x)
   [PASS] Inner CV Loops (5/5 folds checked for leakage)
   [PASS] Inner CV Loops (5/5 folds checked for leakage)

[OUTER FOLD 2/5]
   [PASS] Split Integrity (No overlap between Train/Test)
   - Outer Train Size: 93
   - Outer Test Size : 23
   [DATA CHECK] Inner Fold 1:
     [PASS] Train Set: Uses AUGMENTED folder
        Path: /data/users/etosato/ANM_Verona/data/FCmaps_augmented_processed...
        Subjects: 74 -> Dataset Length: 740 (Ratio: 10.0x)
     [PASS] Val Set  : Uses ORIGINAL folder
        Path: /data/users/etosato/ANM_Verona/data/FCmaps_processed...
        Subjects: 19 -> Dataset Length: 19 (Ratio: 1.0x)
   [PASS] Inner CV Loops (5/5 folds checked for leakage)
   [PASS] Inner CV Loops (5/5 folds checked for leakage)

[OUTER FOLD 3/5]
   [PASS] Split Integrity (No overlap between Train/Test)
   - Outer Train Size: 93
   - Outer Test Size : 23
   [DATA CHECK] Inner Fold 1:
     [PASS] Train Set: Uses AUGMENTED folder
        Path: /data/users/etosato/ANM_Verona/data/FCmaps_augmented_processed...
        Subjects: 74 -> Dataset Length: 740 (Ratio: 10.0x)
     [PASS] Val Set  : Uses ORIGINAL folder
        Path: /data/users/etosato/ANM_Verona/data/FCmaps_processed...
        Subjects: 19 -> Dataset Length: 19 (Ratio: 1.0x)
   [PASS] Inner CV Loops (5/5 folds checked for leakage)
   [PASS] Inner CV Loops (5/5 folds checked for leakage)

[OUTER FOLD 4/5]
   [PASS] Split Integrity (No overlap between Train/Test)
   - Outer Train Size: 93
   - Outer Test Size : 23
   [DATA CHECK] Inner Fold 1:
     [PASS] Train Set: Uses AUGMENTED folder
        Path: /data/users/etosato/ANM_Verona/data/FCmaps_augmented_processed...
        Subjects: 74 -> Dataset Length: 740 (Ratio: 10.0x)
     [PASS] Val Set  : Uses ORIGINAL folder
        Path: /data/users/etosato/ANM_Verona/data/FCmaps_processed...
        Subjects: 19 -> Dataset Length: 19 (Ratio: 1.0x)
   [PASS] Inner CV Loops (5/5 folds checked for leakage)
   [PASS] Inner CV Loops (5/5 folds checked for leakage)

[OUTER FOLD 5/5]
   [PASS] Split Integrity (No overlap between Train/Test)
   - Outer Train Size: 93
   - Outer Test Size : 23
   [DATA CHECK] Inner Fold 1:
     [PASS] Train Set: Uses AUGMENTED folder
        Path: /data/users/etosato/ANM_Verona/data/FCmaps_augmented_processed...
        Subjects: 74 -> Dataset Length: 740 (Ratio: 10.0x)
     [PASS] Val Set  : Uses ORIGINAL folder
        Path: /data/users/etosato/ANM_Verona/data/FCmaps_processed...
        Subjects: 19 -> Dataset Length: 19 (Ratio: 1.0x)
   [PASS] Inner CV Loops (5/5 folds checked for leakage)
   [PASS] Inner CV Loops (5/5 folds checked for leakage)

============================================================
[CROSS-VALIDATION DISTRIBUTION CHECK]
Checking that each subject appears exactly once in Test set across 5 folds...
   [PASS] PERFECT DISTRIBUTION: All 116 subjects tested exactly 1 time.
   [PASS] PERFECT TRAIN FREQUENCY: All 116 subjects trained exactly 4 times.
============================================================

