
[VERIFICATION REPORT] PSP vs CBS
============================================================
Total Subjects: 104
   - PSP: 60
   - CBS: 44

[OUTER FOLD 1/5]
   [PASS] Split Integrity (No overlap between Train/Test)
   - Outer Train Size: 83
   - Outer Test Size : 21
   [DATA CHECK] Inner Fold 1:
     [PASS] Train Set: Uses AUGMENTED folder
        Path: /data/users/etosato/ANM_Verona/data/FCmaps_augmented_processed...
        Subjects: 66 -> Dataset Length: 660 (Ratio: 10.0x)
     [PASS] Val Set  : Uses ORIGINAL folder
        Path: /data/users/etosato/ANM_Verona/data/FCmaps_processed...
        Subjects: 17 -> Dataset Length: 17 (Ratio: 1.0x)
   [PASS] Inner CV Loops (5/5 folds checked for leakage)
   [PASS] Inner CV Loops (5/5 folds checked for leakage)

[OUTER FOLD 2/5]
   [PASS] Split Integrity (No overlap between Train/Test)
   - Outer Train Size: 83
   - Outer Test Size : 21
   [DATA CHECK] Inner Fold 1:
     [PASS] Train Set: Uses AUGMENTED folder
        Path: /data/users/etosato/ANM_Verona/data/FCmaps_augmented_processed...
        Subjects: 66 -> Dataset Length: 660 (Ratio: 10.0x)
     [PASS] Val Set  : Uses ORIGINAL folder
        Path: /data/users/etosato/ANM_Verona/data/FCmaps_processed...
        Subjects: 17 -> Dataset Length: 17 (Ratio: 1.0x)
   [PASS] Inner CV Loops (5/5 folds checked for leakage)
   [PASS] Inner CV Loops (5/5 folds checked for leakage)

[OUTER FOLD 3/5]
   [PASS] Split Integrity (No overlap between Train/Test)
   - Outer Train Size: 83
   - Outer Test Size : 21
   [DATA CHECK] Inner Fold 1:
     [PASS] Train Set: Uses AUGMENTED folder
        Path: /data/users/etosato/ANM_Verona/data/FCmaps_augmented_processed...
        Subjects: 66 -> Dataset Length: 660 (Ratio: 10.0x)
     [PASS] Val Set  : Uses ORIGINAL folder
        Path: /data/users/etosato/ANM_Verona/data/FCmaps_processed...
        Subjects: 17 -> Dataset Length: 17 (Ratio: 1.0x)
   [PASS] Inner CV Loops (5/5 folds checked for leakage)
   [PASS] Inner CV Loops (5/5 folds checked for leakage)

[OUTER FOLD 4/5]
   [PASS] Split Integrity (No overlap between Train/Test)
   - Outer Train Size: 83
   - Outer Test Size : 21
   [DATA CHECK] Inner Fold 1:
     [PASS] Train Set: Uses AUGMENTED folder
        Path: /data/users/etosato/ANM_Verona/data/FCmaps_augmented_processed...
        Subjects: 66 -> Dataset Length: 660 (Ratio: 10.0x)
     [PASS] Val Set  : Uses ORIGINAL folder
        Path: /data/users/etosato/ANM_Verona/data/FCmaps_processed...
        Subjects: 17 -> Dataset Length: 17 (Ratio: 1.0x)
   [PASS] Inner CV Loops (5/5 folds checked for leakage)
   [PASS] Inner CV Loops (5/5 folds checked for leakage)

[OUTER FOLD 5/5]
   [PASS] Split Integrity (No overlap between Train/Test)
   - Outer Train Size: 84
   - Outer Test Size : 20
   [DATA CHECK] Inner Fold 1:
     [PASS] Train Set: Uses AUGMENTED folder
        Path: /data/users/etosato/ANM_Verona/data/FCmaps_augmented_processed...
        Subjects: 67 -> Dataset Length: 670 (Ratio: 10.0x)
     [PASS] Val Set  : Uses ORIGINAL folder
        Path: /data/users/etosato/ANM_Verona/data/FCmaps_processed...
        Subjects: 17 -> Dataset Length: 17 (Ratio: 1.0x)
   [PASS] Inner CV Loops (5/5 folds checked for leakage)
   [PASS] Inner CV Loops (5/5 folds checked for leakage)

============================================================
[CROSS-VALIDATION DISTRIBUTION CHECK]
Checking that each subject appears exactly once in Test set across 5 folds...
   [PASS] PERFECT DISTRIBUTION: All 104 subjects tested exactly 1 time.
   [PASS] PERFECT TRAIN FREQUENCY: All 104 subjects trained exactly 4 times.
============================================================

